This file contains any messages produced by compilers while
running configure, to aid debugging if configure makes a mistake.

It was created by gnome-python-desktop configure 2.32.0, which was
generated by GNU Autoconf 2.69.  Invocation command line was

  $ /home/xubuntu/Downloads/gnome-python-desktop-2.32.0+dfsg/./configure --build=i686-linux-gnu --prefix=/usr --includedir=${prefix}/include --mandir=${prefix}/share/man --infodir=${prefix}/share/info --sysconfdir=/etc --localstatedir=/var --libexecdir=${prefix}/lib/gnome-python-desktop --disable-maintainer-mode --disable-dependency-tracking --disable-silent-rules

## --------- ##
## Platform. ##
## --------- ##

hostname = xubuntu
uname -m = i686
uname -r = 3.5.0-17-generic
uname -s = Linux
uname -v = #28-Ubuntu SMP Tue Oct 9 19:32:08 UTC 2012

/usr/bin/uname -p = unknown
/bin/uname -X     = unknown

/bin/arch              = unknown
/usr/bin/arch -k       = unknown
/usr/convex/getsysinfo = unknown
/usr/bin/hostinfo      = unknown
/bin/machine           = unknown
/usr/bin/oslevel       = unknown
/bin/universe          = unknown

PATH: /usr/sbin
PATH: /usr/bin
PATH: /sbin
PATH: /bin
PATH: /usr/bin/X11


## ----------- ##
## Core tests. ##
## ----------- ##

configure:2448: checking for a BSD-compatible install
configure:2516: result: /usr/bin/install -c
configure:2527: checking whether build environment is sane
configure:2577: result: yes
configure:2718: checking for a thread-safe mkdir -p
configure:2757: result: /bin/mkdir -p
configure:2770: checking for gawk
configure:2800: result: no
configure:2770: checking for mawk
configure:2786: found /usr/bin/mawk
configure:2797: result: mawk
configure:2808: checking whether make sets $(MAKE)
configure:2830: result: yes
configure:2911: checking whether to enable maintainer-specific portions of Makefiles
configure:2920: result: no
configure:3017: checking build system type
configure:3031: result: i686-pc-linux-gnu
configure:3051: checking host system type
configure:3064: result: i686-pc-linux-gnu
configure:3105: checking how to print strings
configure:3132: result: printf
configure:3165: checking for style of include used by make
configure:3193: result: GNU
configure:3264: checking for gcc
configure:3280: found /usr/bin/gcc
configure:3291: result: gcc
configure:3520: checking for C compiler version
configure:3529: gcc --version >&5
gcc (Ubuntu/Linaro 4.7.2-2ubuntu1) 4.7.2
Copyright (C) 2012 Free Software Foundation, Inc.
This is free software; see the source for copying conditions.  There is NO
warranty; not even for MERCHANTABILITY or FITNESS FOR A PARTICULAR PURPOSE.

configure:3540: $? = 0
configure:3529: gcc -v >&5
Using built-in specs.
COLLECT_GCC=gcc
COLLECT_LTO_WRAPPER=/usr/lib/gcc/i686-linux-gnu/4.7/lto-wrapper
Target: i686-linux-gnu
Configured with: ../src/configure -v --with-pkgversion='Ubuntu/Linaro 4.7.2-2ubuntu1' --with-bugurl=file:///usr/share/doc/gcc-4.7/README.Bugs --enable-languages=c,c++,go,fortran,objc,obj-c++ --prefix=/usr --program-suffix=-4.7 --enable-shared --enable-linker-build-id --with-system-zlib --libexecdir=/usr/lib --without-included-gettext --enable-threads=posix --with-gxx-include-dir=/usr/include/c++/4.7 --libdir=/usr/lib --enable-nls --with-sysroot=/ --enable-clocale=gnu --enable-libstdcxx-debug --enable-libstdcxx-time=yes --enable-gnu-unique-object --enable-plugin --enable-objc-gc --enable-targets=all --disable-werror --with-arch-32=i686 --with-tune=generic --enable-checking=release --build=i686-linux-gnu --host=i686-linux-gnu --target=i686-linux-gnu
Thread model: posix
gcc version 4.7.2 (Ubuntu/Linaro 4.7.2-2ubuntu1) 
configure:3540: $? = 0
configure:3529: gcc -V >&5
gcc: error: unrecognized command line option '-V'
gcc: fatal error: no input files
compilation terminated.
configure:3540: $? = 4
configure:3529: gcc -qversion >&5
gcc: error: unrecognized command line option '-qversion'
gcc: fatal error: no input files
compilation terminated.
configure:3540: $? = 4
configure:3560: checking whether the C compiler works
configure:3582: gcc -g -O2 -fstack-protector --param=ssp-buffer-size=4 -Wformat -Werror=format-security -Wall -D_FORTIFY_SOURCE=2 -Wl,-Bsymbolic-functions -Wl,-z,relro conftest.c  >&5
configure:3586: $? = 0
configure:3634: result: yes
configure:3637: checking for C compiler default output file name
configure:3639: result: a.out
configure:3645: checking for suffix of executables
configure:3652: gcc -o conftest -g -O2 -fstack-protector --param=ssp-buffer-size=4 -Wformat -Werror=format-security -Wall -D_FORTIFY_SOURCE=2 -Wl,-Bsymbolic-functions -Wl,-z,relro conftest.c  >&5
configure:3656: $? = 0
configure:3678: result: 
configure:3700: checking whether we are cross compiling
configure:3708: gcc -o conftest -g -O2 -fstack-protector --param=ssp-buffer-size=4 -Wformat -Werror=format-security -Wall -D_FORTIFY_SOURCE=2 -Wl,-Bsymbolic-functions -Wl,-z,relro conftest.c  >&5
configure:3712: $? = 0
configure:3719: ./conftest
configure:3723: $? = 0
configure:3738: result: no
configure:3743: checking for suffix of object files
configure:3765: gcc -c -g -O2 -fstack-protector --param=ssp-buffer-size=4 -Wformat -Werror=format-security -Wall -D_FORTIFY_SOURCE=2 conftest.c >&5
configure:3769: $? = 0
configure:3790: result: o
configure:3794: checking whether we are using the GNU C compiler
configure:3813: gcc -c -g -O2 -fstack-protector --param=ssp-buffer-size=4 -Wformat -Werror=format-security -Wall -D_FORTIFY_SOURCE=2 conftest.c >&5
configure:3813: $? = 0
configure:3822: result: yes
configure:3831: checking whether gcc accepts -g
configure:3851: gcc -c -g -D_FORTIFY_SOURCE=2 conftest.c >&5
configure:3851: $? = 0
configure:3892: result: yes
configure:3909: checking for gcc option to accept ISO C89
configure:3972: gcc  -c -g -O2 -fstack-protector --param=ssp-buffer-size=4 -Wformat -Werror=format-security -Wall -D_FORTIFY_SOURCE=2 conftest.c >&5
configure:3972: $? = 0
configure:3985: result: none needed
configure:4007: checking dependency style of gcc
configure:4118: result: none
configure:4133: checking for a sed that does not truncate output
configure:4197: result: /bin/sed
configure:4215: checking for grep that handles long lines and -e
configure:4273: result: /bin/grep
configure:4278: checking for egrep
configure:4340: result: /bin/grep -E
configure:4345: checking for fgrep
configure:4407: result: /bin/grep -F
configure:4442: checking for ld used by gcc
configure:4509: result: /usr/bin/ld
configure:4516: checking if the linker (/usr/bin/ld) is GNU ld
configure:4531: result: yes
configure:4543: checking for BSD- or MS-compatible name lister (nm)
configure:4592: result: /usr/bin/nm -B
configure:4722: checking the name lister (/usr/bin/nm -B) interface
configure:4729: gcc -c -g -O2 -fstack-protector --param=ssp-buffer-size=4 -Wformat -Werror=format-security -Wall -D_FORTIFY_SOURCE=2 conftest.c >&5
configure:4732: /usr/bin/nm -B "conftest.o"
configure:4735: output
00000000 B some_variable
configure:4742: result: BSD nm
configure:4745: checking whether ln -s works
configure:4749: result: yes
configure:4757: checking the maximum length of command line arguments
configure:4887: result: 805306365
configure:4904: checking whether the shell understands some XSI constructs
configure:4914: result: yes
configure:4918: checking whether the shell understands "+="
configure:4924: result: yes
configure:4959: checking how to convert i686-pc-linux-gnu file names to i686-pc-linux-gnu format
configure:4999: result: func_convert_file_noop
configure:5006: checking how to convert i686-pc-linux-gnu file names to toolchain format
configure:5026: result: func_convert_file_noop
configure:5033: checking for /usr/bin/ld option to reload object files
configure:5040: result: -r
configure:5114: checking for objdump
configure:5130: found /usr/bin/objdump
configure:5141: result: objdump
configure:5173: checking how to recognize dependent libraries
configure:5375: result: pass_all
configure:5460: checking for dlltool
configure:5490: result: no
configure:5520: checking how to associate runtime and link libraries
configure:5547: result: printf %s\n
configure:5608: checking for ar
configure:5624: found /usr/bin/ar
configure:5635: result: ar
configure:5672: checking for archiver @FILE support
configure:5689: gcc -c -g -O2 -fstack-protector --param=ssp-buffer-size=4 -Wformat -Werror=format-security -Wall -D_FORTIFY_SOURCE=2 conftest.c >&5
configure:5689: $? = 0
configure:5692: ar cru libconftest.a @conftest.lst >&5
configure:5695: $? = 0
configure:5700: ar cru libconftest.a @conftest.lst >&5
ar: conftest.o: No such file or directory
configure:5703: $? = 1
configure:5715: result: @
configure:5773: checking for strip
configure:5789: found /usr/bin/strip
configure:5800: result: strip
configure:5872: checking for ranlib
configure:5888: found /usr/bin/ranlib
configure:5899: result: ranlib
configure:6001: checking command to parse /usr/bin/nm -B output from gcc object
configure:6121: gcc -c -g -O2 -fstack-protector --param=ssp-buffer-size=4 -Wformat -Werror=format-security -Wall -D_FORTIFY_SOURCE=2 conftest.c >&5
configure:6124: $? = 0
configure:6128: /usr/bin/nm -B conftest.o \| sed -n -e 's/^.*[ ]\([ABCDGIRSTW][ABCDGIRSTW]*\)[ ][ ]*\([_A-Za-z][_A-Za-z0-9]*\)$/\1 \2 \2/p' | sed '/ __gnu_lto/d' \> conftest.nm
configure:6131: $? = 0
configure:6197: gcc -o conftest -g -O2 -fstack-protector --param=ssp-buffer-size=4 -Wformat -Werror=format-security -Wall -D_FORTIFY_SOURCE=2 -Wl,-Bsymbolic-functions -Wl,-z,relro conftest.c conftstm.o >&5
configure:6200: $? = 0
configure:6238: result: ok
configure:6275: checking for sysroot
configure:6305: result: no
configure:6561: checking for mt
configure:6577: found /bin/mt
configure:6588: result: mt
configure:6611: checking if mt is a manifest tool
configure:6617: mt '-?'
configure:6625: result: no
configure:7267: checking how to run the C preprocessor
configure:7298: gcc -E -D_FORTIFY_SOURCE=2 conftest.c
configure:7298: $? = 0
configure:7312: gcc -E -D_FORTIFY_SOURCE=2 conftest.c
conftest.c:14:28: fatal error: ac_nonexistent.h: No such file or directory
compilation terminated.
configure:7312: $? = 1
configure: failed program was:
| /* confdefs.h */
| #define PACKAGE_NAME "gnome-python-desktop"
| #define PACKAGE_TARNAME "gnome-python-desktop"
| #define PACKAGE_VERSION "2.32.0"
| #define PACKAGE_STRING "gnome-python-desktop 2.32.0"
| #define PACKAGE_BUGREPORT "http://bugzilla.gnome.org/enter_bug.cgi?product=gnome-python"
| #define PACKAGE_URL ""
| #define PACKAGE "gnome-python-desktop"
| #define VERSION "2.32.0"
| #define GNOME_PYTHON_DESKTOP_MAJOR_VERSION 2
| #define GNOME_PYTHON_DESKTOP_MINOR_VERSION 32
| #define GNOME_PYTHON_DESKTOP_MICRO_VERSION 0
| /* end confdefs.h.  */
| #include <ac_nonexistent.h>
configure:7337: result: gcc -E
configure:7357: gcc -E -D_FORTIFY_SOURCE=2 conftest.c
configure:7357: $? = 0
configure:7371: gcc -E -D_FORTIFY_SOURCE=2 conftest.c
conftest.c:14:28: fatal error: ac_nonexistent.h: No such file or directory
compilation terminated.
configure:7371: $? = 1
configure: failed program was:
| /* confdefs.h */
| #define PACKAGE_NAME "gnome-python-desktop"
| #define PACKAGE_TARNAME "gnome-python-desktop"
| #define PACKAGE_VERSION "2.32.0"
| #define PACKAGE_STRING "gnome-python-desktop 2.32.0"
| #define PACKAGE_BUGREPORT "http://bugzilla.gnome.org/enter_bug.cgi?product=gnome-python"
| #define PACKAGE_URL ""
| #define PACKAGE "gnome-python-desktop"
| #define VERSION "2.32.0"
| #define GNOME_PYTHON_DESKTOP_MAJOR_VERSION 2
| #define GNOME_PYTHON_DESKTOP_MINOR_VERSION 32
| #define GNOME_PYTHON_DESKTOP_MICRO_VERSION 0
| /* end confdefs.h.  */
| #include <ac_nonexistent.h>
configure:7400: checking for ANSI C header files
configure:7420: gcc -c -g -O2 -fstack-protector --param=ssp-buffer-size=4 -Wformat -Werror=format-security -Wall -D_FORTIFY_SOURCE=2 conftest.c >&5
configure:7420: $? = 0
configure:7493: gcc -o conftest -g -O2 -fstack-protector --param=ssp-buffer-size=4 -Wformat -Werror=format-security -Wall -D_FORTIFY_SOURCE=2 -Wl,-Bsymbolic-functions -Wl,-z,relro conftest.c  >&5
configure:7493: $? = 0
configure:7493: ./conftest
configure:7493: $? = 0
configure:7504: result: yes
configure:7517: checking for sys/types.h
configure:7517: gcc -c -g -O2 -fstack-protector --param=ssp-buffer-size=4 -Wformat -Werror=format-security -Wall -D_FORTIFY_SOURCE=2 conftest.c >&5
configure:7517: $? = 0
configure:7517: result: yes
configure:7517: checking for sys/stat.h
configure:7517: gcc -c -g -O2 -fstack-protector --param=ssp-buffer-size=4 -Wformat -Werror=format-security -Wall -D_FORTIFY_SOURCE=2 conftest.c >&5
configure:7517: $? = 0
configure:7517: result: yes
configure:7517: checking for stdlib.h
configure:7517: gcc -c -g -O2 -fstack-protector --param=ssp-buffer-size=4 -Wformat -Werror=format-security -Wall -D_FORTIFY_SOURCE=2 conftest.c >&5
configure:7517: $? = 0
configure:7517: result: yes
configure:7517: checking for string.h
configure:7517: gcc -c -g -O2 -fstack-protector --param=ssp-buffer-size=4 -Wformat -Werror=format-security -Wall -D_FORTIFY_SOURCE=2 conftest.c >&5
configure:7517: $? = 0
configure:7517: result: yes
configure:7517: checking for memory.h
configure:7517: gcc -c -g -O2 -fstack-protector --param=ssp-buffer-size=4 -Wformat -Werror=format-security -Wall -D_FORTIFY_SOURCE=2 conftest.c >&5
configure:7517: $? = 0
configure:7517: result: yes
configure:7517: checking for strings.h
configure:7517: gcc -c -g -O2 -fstack-protector --param=ssp-buffer-size=4 -Wformat -Werror=format-security -Wall -D_FORTIFY_SOURCE=2 conftest.c >&5
configure:7517: $? = 0
configure:7517: result: yes
configure:7517: checking for inttypes.h
configure:7517: gcc -c -g -O2 -fstack-protector --param=ssp-buffer-size=4 -Wformat -Werror=format-security -Wall -D_FORTIFY_SOURCE=2 conftest.c >&5
configure:7517: $? = 0
configure:7517: result: yes
configure:7517: checking for stdint.h
configure:7517: gcc -c -g -O2 -fstack-protector --param=ssp-buffer-size=4 -Wformat -Werror=format-security -Wall -D_FORTIFY_SOURCE=2 conftest.c >&5
configure:7517: $? = 0
configure:7517: result: yes
configure:7517: checking for unistd.h
configure:7517: gcc -c -g -O2 -fstack-protector --param=ssp-buffer-size=4 -Wformat -Werror=format-security -Wall -D_FORTIFY_SOURCE=2 conftest.c >&5
configure:7517: $? = 0
configure:7517: result: yes
configure:7531: checking for dlfcn.h
configure:7531: gcc -c -g -O2 -fstack-protector --param=ssp-buffer-size=4 -Wformat -Werror=format-security -Wall -D_FORTIFY_SOURCE=2 conftest.c >&5
configure:7531: $? = 0
configure:7531: result: yes
configure:7707: checking for objdir
configure:7722: result: .libs
configure:7989: checking if gcc supports -fno-rtti -fno-exceptions
configure:8007: gcc -c -g -O2 -fstack-protector --param=ssp-buffer-size=4 -Wformat -Werror=format-security -Wall -D_FORTIFY_SOURCE=2 -fno-rtti -fno-exceptions conftest.c >&5
cc1: warning: command line option '-fno-rtti' is valid for C++/ObjC++ but not for C [enabled by default]
configure:8011: $? = 0
configure:8024: result: no
configure:8351: checking for gcc option to produce PIC
configure:8358: result: -fPIC -DPIC
configure:8366: checking if gcc PIC flag -fPIC -DPIC works
configure:8384: gcc -c -g -O2 -fstack-protector --param=ssp-buffer-size=4 -Wformat -Werror=format-security -Wall -D_FORTIFY_SOURCE=2 -fPIC -DPIC -DPIC conftest.c >&5
configure:8388: $? = 0
configure:8401: result: yes
configure:8430: checking if gcc static flag -static works
configure:8458: result: yes
configure:8473: checking if gcc supports -c -o file.o
configure:8494: gcc -c -g -O2 -fstack-protector --param=ssp-buffer-size=4 -Wformat -Werror=format-security -Wall -D_FORTIFY_SOURCE=2 -o out/conftest2.o conftest.c >&5
configure:8498: $? = 0
configure:8520: result: yes
configure:8528: checking if gcc supports -c -o file.o
configure:8575: result: yes
configure:8608: checking whether the gcc linker (/usr/bin/ld) supports shared libraries
configure:9765: result: yes
configure:9802: checking whether -lc should be explicitly linked in
configure:9810: gcc -c -g -O2 -fstack-protector --param=ssp-buffer-size=4 -Wformat -Werror=format-security -Wall -D_FORTIFY_SOURCE=2 conftest.c >&5
configure:9813: $? = 0
configure:9828: gcc -shared  -fPIC -DPIC conftest.o  -v -Wl,-soname -Wl,conftest -o conftest 2\>\&1 \| /bin/grep  -lc  \>/dev/null 2\>\&1
configure:9831: $? = 0
configure:9845: result: no
configure:10005: checking dynamic linker characteristics
configure:10516: gcc -o conftest -g -O2 -fstack-protector --param=ssp-buffer-size=4 -Wformat -Werror=format-security -Wall -D_FORTIFY_SOURCE=2 -Wl,-Bsymbolic-functions -Wl,-z,relro -Wl,-rpath -Wl,/foo conftest.c  >&5
configure:10516: $? = 0
configure:10750: result: GNU/Linux ld.so
configure:10857: checking how to hardcode library paths into programs
configure:10882: result: immediate
configure:11422: checking whether stripping libraries is possible
configure:11427: result: yes
configure:11462: checking if libtool supports shared libraries
configure:11464: result: yes
configure:11467: checking whether to build shared libraries
configure:11488: result: yes
configure:11491: checking whether to build static libraries
configure:11495: result: no
configure:11533: creating ./config.lt

## ------------------ ##
## Running config.lt. ##
## ------------------ ##
config.lt:625: creating libtool
configure:12910: checking whether python version >= 2.3
configure:12921: python -c import sys # split strings by '.' and convert to numeric. Append some zeros # because we need at least 4 digits for the hex conversion. # map returns an iterator in Python 3.0 and a list in 2.x minver = list(map(int, '2.3'.split('.'))) + [0, 0, 0] minverhex = 0 # xrange is not present in Python 3.0 and range returns an iterator for i in list(range(0, 4)): minverhex = (minverhex << 8) + minver[i] sys.exit(sys.hexversion < minverhex)
configure:12924: $? = 0
configure:12926: result: yes
configure:13017: checking for python version
configure:13024: result: 2.7
configure:13036: checking for python platform
configure:13043: result: linux2
configure:13050: checking for python script directory
configure:13078: result: ${prefix}/lib/python2.7/dist-packages
configure:13087: checking for python extension module directory
configure:13115: result: ${exec_prefix}/lib/python2.7/dist-packages
configure:13129: checking for headers required to compile python extensions
configure:13148: gcc -E -D_FORTIFY_SOURCE=2 -I/usr/include/python2.7 -I/usr/include/python2.7 conftest.c
configure:13148: $? = 0
configure:13149: result: found
configure:13215: checking for pkg-config
configure:13233: found /usr/bin/pkg-config
configure:13245: result: /usr/bin/pkg-config
configure:13270: checking pkg-config is at least version 0.9.0
configure:13273: result: yes
configure:13283: checking for PYGTK
configure:13290: $PKG_CONFIG --exists --print-errors "pygtk-2.0 >= 2.10.3"
configure:13293: $? = 0
configure:13307: $PKG_CONFIG --exists --print-errors "pygtk-2.0 >= 2.10.3"
configure:13310: $? = 0
configure:13368: result: yes
configure:13375: checking for pygtk-codegen-2.0
configure:13393: found /usr/bin/pygtk-codegen-2.0
configure:13406: result: /usr/bin/pygtk-codegen-2.0
configure:13418: checking for conflicting pygtk versions
configure:13428: result: none
configure:13433: checking for pygobject defs
configure:13437: result: /usr/share/pygobject/2.0/defs
configure:13440: checking for pygtk defs
configure:13444: result: /usr/share/pygtk/2.0/defs
configure:13447: checking for gnome-python defs
configure:13451: result: /usr/share/pygtk/2.0/defs
configure:13454: checking for gnome-python argtypes dir
configure:13458: result: /usr/share/pygtk/2.0/argtypes
configure:13547: checking for pkg-config
configure:13577: result: /usr/bin/pkg-config
configure:13602: checking pkg-config is at least version 0.16
configure:13605: result: yes
configure:13622: checking for GLIB - version >= 2.6.0
configure:13737: gcc -o conftest -g -O2 -fstack-protector --param=ssp-buffer-size=4 -Wformat -Werror=format-security -Wall -I/usr/include/glib-2.0 -I/usr/lib/i386-linux-gnu/glib-2.0/include   -D_FORTIFY_SOURCE=2 -Wl,-Bsymbolic-functions -Wl,-z,relro conftest.c -lglib-2.0    >&5
configure:13737: $? = 0
configure:13737: ./conftest
configure:13737: $? = 0
configure:13751: result: yes (version 2.34.0)
configure:13845: checking for pkg-config
configure:13876: result: /usr/bin/pkg-config
configure:13898: checking for GTK+ - version >= 2.4.0
configure:14008: gcc -o conftest -g -O2 -fstack-protector --param=ssp-buffer-size=4 -Wformat -Werror=format-security -Wall -pthread -I/usr/include/gtk-2.0 -I/usr/lib/i386-linux-gnu/gtk-2.0/include -I/usr/include/atk-1.0 -I/usr/include/cairo -I/usr/include/gdk-pixbuf-2.0 -I/usr/include/pango-1.0 -I/usr/include/gio-unix-2.0/ -I/usr/include/glib-2.0 -I/usr/lib/i386-linux-gnu/glib-2.0/include -I/usr/include/pixman-1 -I/usr/include/freetype2 -I/usr/include/libpng12   -D_FORTIFY_SOURCE=2 -Wl,-Bsymbolic-functions -Wl,-z,relro conftest.c -lgtk-x11-2.0 -lgdk-x11-2.0 -latk-1.0 -lgio-2.0 -lpangoft2-1.0 -lpangocairo-1.0 -lgdk_pixbuf-2.0 -lcairo -lpango-1.0 -lfreetype -lfontconfig -lgobject-2.0 -lglib-2.0    >&5
configure:14008: $? = 0
configure:14008: ./conftest
configure:14008: $? = 0
configure:14022: result: yes (version 2.24.13)
configure:14138: checking for LIBPANELAPPLET
configure:14147: $PKG_CONFIG --exists --print-errors "libpanelapplet-2.0 >= 2.13.4
					   gnome-python-2.0 >= 2.10.0
                                           libgnome-2.0 libgnomeui-2.0"
Package libpanelapplet-2.0 was not found in the pkg-config search path.
Perhaps you should add the directory containing `libpanelapplet-2.0.pc'
to the PKG_CONFIG_PATH environment variable
No package 'libpanelapplet-2.0' found
configure:14152: $? = 1
configure:14170: $PKG_CONFIG --exists --print-errors "libpanelapplet-2.0 >= 2.13.4
					   gnome-python-2.0 >= 2.10.0
                                           libgnome-2.0 libgnomeui-2.0"
Package libpanelapplet-2.0 was not found in the pkg-config search path.
Perhaps you should add the directory containing `libpanelapplet-2.0.pc'
to the PKG_CONFIG_PATH environment variable
No package 'libpanelapplet-2.0' found
configure:14175: $? = 1
configure:14191: result: no
No package 'libpanelapplet-2.0' found
configure:14254: checking for LIBGNOMEPRINT
configure:14262: $PKG_CONFIG --exists --print-errors "libgnomeprint-2.2 >= 2.2.0
					 gnome-python-2.0 >= 2.10.0"
Package libgnomeprint-2.2 was not found in the pkg-config search path.
Perhaps you should add the directory containing `libgnomeprint-2.2.pc'
to the PKG_CONFIG_PATH environment variable
No package 'libgnomeprint-2.2' found
configure:14266: $? = 1
configure:14282: $PKG_CONFIG --exists --print-errors "libgnomeprint-2.2 >= 2.2.0
					 gnome-python-2.0 >= 2.10.0"
Package libgnomeprint-2.2 was not found in the pkg-config search path.
Perhaps you should add the directory containing `libgnomeprint-2.2.pc'
to the PKG_CONFIG_PATH environment variable
No package 'libgnomeprint-2.2' found
configure:14286: $? = 1
configure:14301: result: no
No package 'libgnomeprint-2.2' found
configure:14373: checking for LIBGNOMEPRINTUI
configure:14381: $PKG_CONFIG --exists --print-errors "libgnomeprintui-2.2 >= 2.2.0,
					   gnome-python-2.0 >= 2.10.0"
Package libgnomeprintui-2.2 was not found in the pkg-config search path.
Perhaps you should add the directory containing `libgnomeprintui-2.2.pc'
to the PKG_CONFIG_PATH environment variable
No package 'libgnomeprintui-2.2' found
configure:14385: $? = 1
configure:14401: $PKG_CONFIG --exists --print-errors "libgnomeprintui-2.2 >= 2.2.0,
					   gnome-python-2.0 >= 2.10.0"
Package libgnomeprintui-2.2 was not found in the pkg-config search path.
Perhaps you should add the directory containing `libgnomeprintui-2.2.pc'
to the PKG_CONFIG_PATH environment variable
No package 'libgnomeprintui-2.2' found
configure:14405: $? = 1
configure:14420: result: no
No package 'libgnomeprintui-2.2' found
configure:14478: checking for GTKSOURCEVIEW
configure:14485: $PKG_CONFIG --exists --print-errors "gtksourceview-1.0 >= 1.1.90"
Package gtksourceview-1.0 was not found in the pkg-config search path.
Perhaps you should add the directory containing `gtksourceview-1.0.pc'
to the PKG_CONFIG_PATH environment variable
No package 'gtksourceview-1.0' found
configure:14488: $? = 1
configure:14502: $PKG_CONFIG --exists --print-errors "gtksourceview-1.0 >= 1.1.90"
Package gtksourceview-1.0 was not found in the pkg-config search path.
Perhaps you should add the directory containing `gtksourceview-1.0.pc'
to the PKG_CONFIG_PATH environment variable
No package 'gtksourceview-1.0' found
configure:14505: $? = 1
configure:14519: result: no
No package 'gtksourceview-1.0' found
configure:14574: checking for WNCK
configure:14581: $PKG_CONFIG --exists --print-errors "libwnck-1.0 >= 2.19.3"
configure:14584: $? = 0
configure:14598: $PKG_CONFIG --exists --print-errors "libwnck-1.0 >= 2.19.3"
configure:14601: $? = 0
configure:14639: result: yes
configure:14671: checking for TOTEM_PLPARSER
configure:14678: $PKG_CONFIG --exists --print-errors "totem-plparser >= 1.4.0  pygtk-2.0 >= 2.10.3"
Package totem-plparser was not found in the pkg-config search path.
Perhaps you should add the directory containing `totem-plparser.pc'
to the PKG_CONFIG_PATH environment variable
No package 'totem-plparser' found
configure:14681: $? = 1
configure:14695: $PKG_CONFIG --exists --print-errors "totem-plparser >= 1.4.0  pygtk-2.0 >= 2.10.3"
Package totem-plparser was not found in the pkg-config search path.
Perhaps you should add the directory containing `totem-plparser.pc'
to the PKG_CONFIG_PATH environment variable
No package 'totem-plparser' found
configure:14698: $? = 1
configure:14712: result: no
No package 'totem-plparser' found
configure:14766: checking for GTOP
configure:14773: $PKG_CONFIG --exists --print-errors "libgtop-2.0 >= 2.13.0 pygtk-2.0 >= 2.10.3"
Package libgtop-2.0 was not found in the pkg-config search path.
Perhaps you should add the directory containing `libgtop-2.0.pc'
to the PKG_CONFIG_PATH environment variable
No package 'libgtop-2.0' found
configure:14776: $? = 1
configure:14790: $PKG_CONFIG --exists --print-errors "libgtop-2.0 >= 2.13.0 pygtk-2.0 >= 2.10.3"
Package libgtop-2.0 was not found in the pkg-config search path.
Perhaps you should add the directory containing `libgtop-2.0.pc'
to the PKG_CONFIG_PATH environment variable
No package 'libgtop-2.0' found
configure:14793: $? = 1
configure:14807: result: no
No package 'libgtop-2.0' found
configure:14861: checking for NAUTILUSBURN
configure:14869: $PKG_CONFIG --exists --print-errors "libnautilus-burn >= 2.15.3
					 pygtk-2.0 >= 2.10.3"
Package libnautilus-burn was not found in the pkg-config search path.
Perhaps you should add the directory containing `libnautilus-burn.pc'
to the PKG_CONFIG_PATH environment variable
No package 'libnautilus-burn' found
configure:14873: $? = 1
configure:14889: $PKG_CONFIG --exists --print-errors "libnautilus-burn >= 2.15.3
					 pygtk-2.0 >= 2.10.3"
Package libnautilus-burn was not found in the pkg-config search path.
Perhaps you should add the directory containing `libnautilus-burn.pc'
to the PKG_CONFIG_PATH environment variable
No package 'libnautilus-burn' found
configure:14893: $? = 1
configure:14908: result: no
No package 'libnautilus-burn' found
configure:14964: checking for BRASEROMEDIA
configure:14972: $PKG_CONFIG --exists --print-errors "libbrasero-media >= 2.29
					 pygtk-2.0 >= 2.10.3"
Package libbrasero-media was not found in the pkg-config search path.
Perhaps you should add the directory containing `libbrasero-media.pc'
to the PKG_CONFIG_PATH environment variable
No package 'libbrasero-media' found
configure:14976: $? = 1
configure:14992: $PKG_CONFIG --exists --print-errors "libbrasero-media >= 2.29
					 pygtk-2.0 >= 2.10.3"
Package libbrasero-media was not found in the pkg-config search path.
Perhaps you should add the directory containing `libbrasero-media.pc'
to the PKG_CONFIG_PATH environment variable
No package 'libbrasero-media' found
configure:14996: $? = 1
configure:15011: result: no
No package 'libbrasero-media' found
configure:15068: checking for BRASEROBURN
configure:15076: $PKG_CONFIG --exists --print-errors "libbrasero-burn >= 2.29
					 pygtk-2.0 >= 2.10.3"
Package libbrasero-burn was not found in the pkg-config search path.
Perhaps you should add the directory containing `libbrasero-burn.pc'
to the PKG_CONFIG_PATH environment variable
No package 'libbrasero-burn' found
configure:15080: $? = 1
configure:15096: $PKG_CONFIG --exists --print-errors "libbrasero-burn >= 2.29
					 pygtk-2.0 >= 2.10.3"
Package libbrasero-burn was not found in the pkg-config search path.
Perhaps you should add the directory containing `libbrasero-burn.pc'
to the PKG_CONFIG_PATH environment variable
No package 'libbrasero-burn' found
configure:15100: $? = 1
configure:15115: result: no
No package 'libbrasero-burn' found
configure:15172: checking for MEDIAPROFILES
configure:15181: $PKG_CONFIG --exists --print-errors "gnome-media-profiles >= 2.10.0
				   pygtk-2.0 >= 2.10.3
				   gconf-2.0 >= 2.10.0"
Package gnome-media-profiles was not found in the pkg-config search path.
Perhaps you should add the directory containing `gnome-media-profiles.pc'
to the PKG_CONFIG_PATH environment variable
No package 'gnome-media-profiles' found
configure:15186: $? = 1
configure:15204: $PKG_CONFIG --exists --print-errors "gnome-media-profiles >= 2.10.0
				   pygtk-2.0 >= 2.10.3
				   gconf-2.0 >= 2.10.0"
Package gnome-media-profiles was not found in the pkg-config search path.
Perhaps you should add the directory containing `gnome-media-profiles.pc'
to the PKG_CONFIG_PATH environment variable
No package 'gnome-media-profiles' found
configure:15209: $? = 1
configure:15225: result: no
No package 'gnome-media-profiles' found
configure:15283: checking for RSVG
configure:15292: $PKG_CONFIG --exists --print-errors "librsvg-2.0 >= 2.13.93
				 pycairo
				 pygtk-2.0 >= 2.10.3"
configure:15297: $? = 0
configure:15315: $PKG_CONFIG --exists --print-errors "librsvg-2.0 >= 2.13.93
				 pycairo
				 pygtk-2.0 >= 2.10.3"
configure:15320: $? = 0
configure:15364: result: yes
configure:15490: checking for GNOMEKEYRING
configure:15498: $PKG_CONFIG --exists --print-errors "gnome-keyring-1 >= 0.5.0
					 gobject-2.0 >= 2.6.0"
configure:15502: $? = 0
configure:15518: $PKG_CONFIG --exists --print-errors "gnome-keyring-1 >= 0.5.0
					 gobject-2.0 >= 2.6.0"
configure:15522: $? = 0
configure:15563: result: yes
configure:15599: checking for GNOMEDESKTOP
configure:15607: $PKG_CONFIG --exists --print-errors "gnome-desktop-2.0 >= 2.10.0
					 pygobject-2.0"
configure:15611: $? = 0
configure:15627: $PKG_CONFIG --exists --print-errors "gnome-desktop-2.0 >= 2.10.0
					 pygobject-2.0"
configure:15631: $? = 0
configure:15672: result: yes
configure:15702: checking for bug-buddy
configure:15735: result: no
configure:15788: checking for EVOLUTION_EBOOK
configure:15798: $PKG_CONFIG --exists --print-errors "libebook-1.2 >= 1.4.0
                                        pygobject-2.0
                                        gdk-pixbuf-2.0
                                        pango"
Package libebook-1.2 was not found in the pkg-config search path.
Perhaps you should add the directory containing `libebook-1.2.pc'
to the PKG_CONFIG_PATH environment variable
No package 'libebook-1.2' found
configure:15804: $? = 1
configure:15824: $PKG_CONFIG --exists --print-errors "libebook-1.2 >= 1.4.0
                                        pygobject-2.0
                                        gdk-pixbuf-2.0
                                        pango"
Package libebook-1.2 was not found in the pkg-config search path.
Perhaps you should add the directory containing `libebook-1.2.pc'
to the PKG_CONFIG_PATH environment variable
No package 'libebook-1.2' found
configure:15830: $? = 1
configure:15847: result: no
No package 'libebook-1.2' found
configure:15888: checking for EVOLUTION_ECAL
configure:15898: $PKG_CONFIG --exists --print-errors "libecal-1.2 >= 1.4.0
                                            pygobject-2.0
                                            gdk-pixbuf-2.0
                                            pango"
Package libecal-1.2 was not found in the pkg-config search path.
Perhaps you should add the directory containing `libecal-1.2.pc'
to the PKG_CONFIG_PATH environment variable
No package 'libecal-1.2' found
configure:15904: $? = 1
configure:15924: $PKG_CONFIG --exists --print-errors "libecal-1.2 >= 1.4.0
                                            pygobject-2.0
                                            gdk-pixbuf-2.0
                                            pango"
Package libecal-1.2 was not found in the pkg-config search path.
Perhaps you should add the directory containing `libecal-1.2.pc'
to the PKG_CONFIG_PATH environment variable
No package 'libecal-1.2' found
configure:15930: $? = 1
configure:15947: result: no
No package 'libecal-1.2' found
configure:16020: checking for EVINCE
configure:16027: $PKG_CONFIG --exists --print-errors "evince-document-2.32 evince-view-2.32"
Package evince-document-2.32 was not found in the pkg-config search path.
Perhaps you should add the directory containing `evince-document-2.32.pc'
to the PKG_CONFIG_PATH environment variable
No package 'evince-document-2.32' found
Package evince-view-2.32 was not found in the pkg-config search path.
Perhaps you should add the directory containing `evince-view-2.32.pc'
to the PKG_CONFIG_PATH environment variable
No package 'evince-view-2.32' found
configure:16030: $? = 1
configure:16044: $PKG_CONFIG --exists --print-errors "evince-document-2.32 evince-view-2.32"
Package evince-document-2.32 was not found in the pkg-config search path.
Perhaps you should add the directory containing `evince-document-2.32.pc'
to the PKG_CONFIG_PATH environment variable
No package 'evince-document-2.32' found
Package evince-view-2.32 was not found in the pkg-config search path.
Perhaps you should add the directory containing `evince-view-2.32.pc'
to the PKG_CONFIG_PATH environment variable
No package 'evince-view-2.32' found
configure:16047: $? = 1
configure:16061: result: no
No package 'evince-document-2.32' found
No package 'evince-view-2.32' found
configure:16143: checking whether gcc understands -std=c9x
configure:16156: gcc -c -g -O2 -fstack-protector --param=ssp-buffer-size=4 -Wformat -Werror=format-security -Wall -std=c9x -D_FORTIFY_SOURCE=2 conftest.c >&5
configure:16156: $? = 0
configure:16162: result: yes
configure:16176: checking whether gcc understands -fno-strict-aliasing
configure:16189: gcc -c -g -O2 -fstack-protector --param=ssp-buffer-size=4 -Wformat -Werror=format-security -Wall -std=c9x -fno-strict-aliasing -D_FORTIFY_SOURCE=2 conftest.c >&5
configure:16189: $? = 0
configure:16195: result: yes
configure:16419: creating ./config.status

## ---------------------- ##
## Running config.status. ##
## ---------------------- ##

This file was extended by gnome-python-desktop config.status 2.32.0, which was
generated by GNU Autoconf 2.69.  Invocation command line was

  CONFIG_FILES    = 
  CONFIG_HEADERS  = 
  CONFIG_LINKS    = 
  CONFIG_COMMANDS = 
  $ ./config.status 

on xubuntu

config.status:1228: creating Makefile
config.status:1228: creating gnomeapplet/Makefile
config.status:1228: creating gnomeprint/Makefile
config.status:1228: creating gtksourceview/Makefile
config.status:1228: creating wnck/Makefile
config.status:1228: creating totem/Makefile
config.status:1228: creating gtop/Makefile
config.status:1228: creating nautilusburn/Makefile
config.status:1228: creating braseromedia/Makefile
config.status:1228: creating braseroburn/Makefile
config.status:1228: creating mediaprofiles/Makefile
config.status:1228: creating metacity/Makefile
config.status:1228: creating rsvg/Makefile
config.status:1228: creating gnomekeyring/Makefile
config.status:1228: creating gnomedesktop/Makefile
config.status:1228: creating evolution/Makefile
config.status:1228: creating evince/Makefile
config.status:1228: creating gnome-python-desktop-2.0.pc
config.status:1228: creating tests/Makefile
config.status:1228: creating docs/Makefile
config.status:1228: creating docs/gtksourceview/Makefile
config.status:1228: creating docs/gnomeprint/Makefile
config.status:1228: creating docs/gnomeprintui/Makefile
config.status:1228: creating config.h
config.status:1442: executing depfiles commands
config.status:1442: executing libtool commands
configure:18664: WARNING: unrecognized options: --disable-silent-rules

## ---------------- ##
## Cache variables. ##
## ---------------- ##

ac_cv_build=i686-pc-linux-gnu
ac_cv_c_compiler_gnu=yes
ac_cv_env_BRASEROBURN_CFLAGS_set=
ac_cv_env_BRASEROBURN_CFLAGS_value=
ac_cv_env_BRASEROBURN_LIBS_set=
ac_cv_env_BRASEROBURN_LIBS_value=
ac_cv_env_BRASEROMEDIA_CFLAGS_set=
ac_cv_env_BRASEROMEDIA_CFLAGS_value=
ac_cv_env_BRASEROMEDIA_LIBS_set=
ac_cv_env_BRASEROMEDIA_LIBS_value=
ac_cv_env_CC_set=
ac_cv_env_CC_value=
ac_cv_env_CFLAGS_set=set
ac_cv_env_CFLAGS_value='-g -O2 -fstack-protector --param=ssp-buffer-size=4 -Wformat -Werror=format-security -Wall'
ac_cv_env_CPPFLAGS_set=set
ac_cv_env_CPPFLAGS_value=-D_FORTIFY_SOURCE=2
ac_cv_env_CPP_set=
ac_cv_env_CPP_value=
ac_cv_env_EVINCE_CFLAGS_set=
ac_cv_env_EVINCE_CFLAGS_value=
ac_cv_env_EVINCE_LIBS_set=
ac_cv_env_EVINCE_LIBS_value=
ac_cv_env_EVOLUTION_EBOOK_CFLAGS_set=
ac_cv_env_EVOLUTION_EBOOK_CFLAGS_value=
ac_cv_env_EVOLUTION_EBOOK_LIBS_set=
ac_cv_env_EVOLUTION_EBOOK_LIBS_value=
ac_cv_env_EVOLUTION_ECAL_CFLAGS_set=
ac_cv_env_EVOLUTION_ECAL_CFLAGS_value=
ac_cv_env_EVOLUTION_ECAL_LIBS_set=
ac_cv_env_EVOLUTION_ECAL_LIBS_value=
ac_cv_env_GNOMEDESKTOP_CFLAGS_set=
ac_cv_env_GNOMEDESKTOP_CFLAGS_value=
ac_cv_env_GNOMEDESKTOP_LIBS_set=
ac_cv_env_GNOMEDESKTOP_LIBS_value=
ac_cv_env_GNOMEKEYRING_CFLAGS_set=
ac_cv_env_GNOMEKEYRING_CFLAGS_value=
ac_cv_env_GNOMEKEYRING_LIBS_set=
ac_cv_env_GNOMEKEYRING_LIBS_value=
ac_cv_env_GTKSOURCEVIEW_CFLAGS_set=
ac_cv_env_GTKSOURCEVIEW_CFLAGS_value=
ac_cv_env_GTKSOURCEVIEW_LIBS_set=
ac_cv_env_GTKSOURCEVIEW_LIBS_value=
ac_cv_env_GTOP_CFLAGS_set=
ac_cv_env_GTOP_CFLAGS_value=
ac_cv_env_GTOP_LIBS_set=
ac_cv_env_GTOP_LIBS_value=
ac_cv_env_LDFLAGS_set=set
ac_cv_env_LDFLAGS_value='-Wl,-Bsymbolic-functions -Wl,-z,relro'
ac_cv_env_LIBGNOMEPRINTUI_CFLAGS_set=
ac_cv_env_LIBGNOMEPRINTUI_CFLAGS_value=
ac_cv_env_LIBGNOMEPRINTUI_LIBS_set=
ac_cv_env_LIBGNOMEPRINTUI_LIBS_value=
ac_cv_env_LIBGNOMEPRINT_CFLAGS_set=
ac_cv_env_LIBGNOMEPRINT_CFLAGS_value=
ac_cv_env_LIBGNOMEPRINT_LIBS_set=
ac_cv_env_LIBGNOMEPRINT_LIBS_value=
ac_cv_env_LIBPANELAPPLET_CFLAGS_set=
ac_cv_env_LIBPANELAPPLET_CFLAGS_value=
ac_cv_env_LIBPANELAPPLET_LIBS_set=
ac_cv_env_LIBPANELAPPLET_LIBS_value=
ac_cv_env_LIBS_set=
ac_cv_env_LIBS_value=
ac_cv_env_MEDIAPROFILES_CFLAGS_set=
ac_cv_env_MEDIAPROFILES_CFLAGS_value=
ac_cv_env_MEDIAPROFILES_LIBS_set=
ac_cv_env_MEDIAPROFILES_LIBS_value=
ac_cv_env_METACITY_CFLAGS_set=
ac_cv_env_METACITY_CFLAGS_value=
ac_cv_env_METACITY_LIBS_set=
ac_cv_env_METACITY_LIBS_value=
ac_cv_env_NAUTILUSBURN_CFLAGS_set=
ac_cv_env_NAUTILUSBURN_CFLAGS_value=
ac_cv_env_NAUTILUSBURN_LIBS_set=
ac_cv_env_NAUTILUSBURN_LIBS_value=
ac_cv_env_PKG_CONFIG_LIBDIR_set=
ac_cv_env_PKG_CONFIG_LIBDIR_value=
ac_cv_env_PKG_CONFIG_PATH_set=
ac_cv_env_PKG_CONFIG_PATH_value=
ac_cv_env_PKG_CONFIG_set=
ac_cv_env_PKG_CONFIG_value=
ac_cv_env_PYGTK_CFLAGS_set=
ac_cv_env_PYGTK_CFLAGS_value=
ac_cv_env_PYGTK_LIBS_set=
ac_cv_env_PYGTK_LIBS_value=
ac_cv_env_PYTHON_set=set
ac_cv_env_PYTHON_value=python
ac_cv_env_RSVG_CFLAGS_set=
ac_cv_env_RSVG_CFLAGS_value=
ac_cv_env_RSVG_LIBS_set=
ac_cv_env_RSVG_LIBS_value=
ac_cv_env_TOTEM_PLPARSER_CFLAGS_set=
ac_cv_env_TOTEM_PLPARSER_CFLAGS_value=
ac_cv_env_TOTEM_PLPARSER_LIBS_set=
ac_cv_env_TOTEM_PLPARSER_LIBS_value=
ac_cv_env_WNCK_CFLAGS_set=
ac_cv_env_WNCK_CFLAGS_value=
ac_cv_env_WNCK_LIBS_set=
ac_cv_env_WNCK_LIBS_value=
ac_cv_env_build_alias_set=set
ac_cv_env_build_alias_value=i686-linux-gnu
ac_cv_env_host_alias_set=
ac_cv_env_host_alias_value=
ac_cv_env_target_alias_set=
ac_cv_env_target_alias_value=
ac_cv_header_dlfcn_h=yes
ac_cv_header_inttypes_h=yes
ac_cv_header_memory_h=yes
ac_cv_header_stdc=yes
ac_cv_header_stdint_h=yes
ac_cv_header_stdlib_h=yes
ac_cv_header_string_h=yes
ac_cv_header_strings_h=yes
ac_cv_header_sys_stat_h=yes
ac_cv_header_sys_types_h=yes
ac_cv_header_unistd_h=yes
ac_cv_host=i686-pc-linux-gnu
ac_cv_objext=o
ac_cv_path_EGREP='/bin/grep -E'
ac_cv_path_FGREP='/bin/grep -F'
ac_cv_path_GREP=/bin/grep
ac_cv_path_PKG_CONFIG=/usr/bin/pkg-config
ac_cv_path_PYGTK_CODEGEN=/usr/bin/pygtk-codegen-2.0
ac_cv_path_SED=/bin/sed
ac_cv_path_ac_pt_PKG_CONFIG=/usr/bin/pkg-config
ac_cv_path_install='/usr/bin/install -c'
ac_cv_path_mkdir=/bin/mkdir
ac_cv_prog_AWK=mawk
ac_cv_prog_CPP='gcc -E'
ac_cv_prog_ac_ct_AR=ar
ac_cv_prog_ac_ct_CC=gcc
ac_cv_prog_ac_ct_MANIFEST_TOOL=mt
ac_cv_prog_ac_ct_OBJDUMP=objdump
ac_cv_prog_ac_ct_RANLIB=ranlib
ac_cv_prog_ac_ct_STRIP=strip
ac_cv_prog_cc_c89=
ac_cv_prog_cc_g=yes
ac_cv_prog_make_make_set=yes
am_cv_CC_dependencies_compiler_type=none
am_cv_python_platform=linux2
am_cv_python_pyexecdir='${exec_prefix}/lib/python2.7/dist-packages'
am_cv_python_pythondir='${prefix}/lib/python2.7/dist-packages'
am_cv_python_version=2.7
lt_cv_ar_at_file=@
lt_cv_archive_cmds_need_lc=no
lt_cv_deplibs_check_method=pass_all
lt_cv_file_magic_cmd='$MAGIC_CMD'
lt_cv_file_magic_test_file=
lt_cv_ld_reload_flag=-r
lt_cv_nm_interface='BSD nm'
lt_cv_objdir=.libs
lt_cv_path_LD=/usr/bin/ld
lt_cv_path_NM='/usr/bin/nm -B'
lt_cv_path_mainfest_tool=no
lt_cv_prog_compiler_c_o=yes
lt_cv_prog_compiler_pic='-fPIC -DPIC'
lt_cv_prog_compiler_pic_works=yes
lt_cv_prog_compiler_rtti_exceptions=no
lt_cv_prog_compiler_static_works=yes
lt_cv_prog_gnu_ld=yes
lt_cv_sharedlib_from_linklib_cmd='printf %s\n'
lt_cv_shlibpath_overrides_runpath=no
lt_cv_sys_global_symbol_pipe='sed -n -e '\''s/^.*[	 ]\([ABCDGIRSTW][ABCDGIRSTW]*\)[	 ][	 ]*\([_A-Za-z][_A-Za-z0-9]*\)$/\1 \2 \2/p'\'' | sed '\''/ __gnu_lto/d'\'''
lt_cv_sys_global_symbol_to_c_name_address='sed -n -e '\''s/^: \([^ ]*\)[ ]*$/  {\"\1\", (void *) 0},/p'\'' -e '\''s/^[ABCDGIRSTW]* \([^ ]*\) \([^ ]*\)$/  {"\2", (void *) \&\2},/p'\'''
lt_cv_sys_global_symbol_to_c_name_address_lib_prefix='sed -n -e '\''s/^: \([^ ]*\)[ ]*$/  {\"\1\", (void *) 0},/p'\'' -e '\''s/^[ABCDGIRSTW]* \([^ ]*\) \(lib[^ ]*\)$/  {"\2", (void *) \&\2},/p'\'' -e '\''s/^[ABCDGIRSTW]* \([^ ]*\) \([^ ]*\)$/  {"lib\2", (void *) \&\2},/p'\'''
lt_cv_sys_global_symbol_to_cdecl='sed -n -e '\''s/^T .* \(.*\)$/extern int \1();/p'\'' -e '\''s/^[ABCDGIRSTW]* .* \(.*\)$/extern char \1;/p'\'''
lt_cv_sys_max_cmd_len=805306365
lt_cv_to_host_file_cmd=func_convert_file_noop
lt_cv_to_tool_file_cmd=func_convert_file_noop
pkg_cv_GNOMEDESKTOP_CFLAGS='-pthread -I/usr/include/gtk-2.0 -I/usr/include/startup-notification-1.0 -I/usr/lib/i386-linux-gnu/gtk-2.0/include -I/usr/include/atk-1.0 -I/usr/include/cairo -I/usr/include/gdk-pixbuf-2.0 -I/usr/include/pango-1.0 -I/usr/include/gio-unix-2.0/ -I/usr/include/glib-2.0 -I/usr/lib/i386-linux-gnu/glib-2.0/include -I/usr/include/pixman-1 -I/usr/include/freetype2 -I/usr/include/libpng12 -I/usr/include/gnome-desktop-2.0 -I/usr/include/pygtk-2.0  '
pkg_cv_GNOMEDESKTOP_LIBS='-lgnome-desktop-2 -lgtk-x11-2.0 -lstartup-notification-1 -lgdk-x11-2.0 -latk-1.0 -lgio-2.0 -lpangoft2-1.0 -lpangocairo-1.0 -lgdk_pixbuf-2.0 -lcairo -lpango-1.0 -lfreetype -lfontconfig -lgobject-2.0 -lglib-2.0  '
pkg_cv_GNOMEKEYRING_CFLAGS='-I/usr/include/gnome-keyring-1 -I/usr/include/glib-2.0 -I/usr/lib/i386-linux-gnu/glib-2.0/include  '
pkg_cv_GNOMEKEYRING_LIBS='-lgnome-keyring -lgobject-2.0 -lglib-2.0  '
pkg_cv_PYGTK_CFLAGS='-pthread -I/usr/include/gtk-2.0 -I/usr/include/glib-2.0 -I/usr/lib/i386-linux-gnu/glib-2.0/include -I/usr/lib/i386-linux-gnu/gtk-2.0/include -I/usr/include/atk-1.0 -I/usr/include/cairo -I/usr/include/gdk-pixbuf-2.0 -I/usr/include/pango-1.0 -I/usr/include/gio-unix-2.0/ -I/usr/include/pixman-1 -I/usr/include/freetype2 -I/usr/include/libpng12 -I/usr/include/pygtk-2.0  '
pkg_cv_PYGTK_LIBS='-lgtk-x11-2.0 -lgdk-x11-2.0 -latk-1.0 -lgio-2.0 -lpangoft2-1.0 -lpangocairo-1.0 -lgdk_pixbuf-2.0 -lcairo -lpango-1.0 -lfreetype -lfontconfig -lgobject-2.0 -lglib-2.0  '
pkg_cv_RSVG_CFLAGS='-pthread -I/usr/include/librsvg-2.0 -I/usr/include/glib-2.0 -I/usr/lib/i386-linux-gnu/glib-2.0/include -I/usr/include/gdk-pixbuf-2.0 -I/usr/include/cairo -I/usr/include/libpng12 -I/usr/include/pixman-1 -I/usr/include/freetype2 -I/usr/include/gtk-2.0 -I/usr/lib/i386-linux-gnu/gtk-2.0/include -I/usr/include/atk-1.0 -I/usr/include/pango-1.0 -I/usr/include/gio-unix-2.0/ -I/usr/include/pycairo -I/usr/include/pygtk-2.0  '
pkg_cv_RSVG_LIBS='-lrsvg-2 -lm -lgtk-x11-2.0 -lgdk-x11-2.0 -latk-1.0 -lgio-2.0 -lpangoft2-1.0 -lpangocairo-1.0 -lgdk_pixbuf-2.0 -lcairo -lpango-1.0 -lfreetype -lfontconfig -lgobject-2.0 -lglib-2.0  '
pkg_cv_WNCK_CFLAGS='-pthread -I/usr/include/pango-1.0 -I/usr/include/cairo -I/usr/include/startup-notification-1.0 -I/usr/include/glib-2.0 -I/usr/lib/i386-linux-gnu/glib-2.0/include -I/usr/include/gtk-2.0 -I/usr/include/pixman-1 -I/usr/include/freetype2 -I/usr/include/libpng12 -I/usr/lib/i386-linux-gnu/gtk-2.0/include -I/usr/include/atk-1.0 -I/usr/include/gdk-pixbuf-2.0 -I/usr/include/gio-unix-2.0/ -I/usr/include/libwnck-1.0  '
pkg_cv_WNCK_LIBS='-lwnck-1 -lgtk-x11-2.0 -lgdk-x11-2.0 -latk-1.0 -lgio-2.0 -lpangoft2-1.0 -lpangocairo-1.0 -lgdk_pixbuf-2.0 -lcairo -lpango-1.0 -lfreetype -lfontconfig -lgobject-2.0 -lglib-2.0  '

## ----------------- ##
## Output variables. ##
## ----------------- ##

ACLOCAL='${SHELL} /home/xubuntu/Downloads/gnome-python-desktop-2.32.0+dfsg/missing --run aclocal-1.11'
ACLOCAL_AMFLAGS='${ACLOCAL_FLAGS}'
AMDEPBACKSLASH=''
AMDEP_FALSE=''
AMDEP_TRUE='#'
AMTAR='$${TAR-tar}'
AR='ar'
AUTOCONF='${SHELL} /home/xubuntu/Downloads/gnome-python-desktop-2.32.0+dfsg/missing --run autoconf'
AUTOHEADER='${SHELL} /home/xubuntu/Downloads/gnome-python-desktop-2.32.0+dfsg/missing --run autoheader'
AUTOMAKE='${SHELL} /home/xubuntu/Downloads/gnome-python-desktop-2.32.0+dfsg/missing --run automake-1.11'
AWK='mawk'
BRASEROBURN_CFLAGS=''
BRASEROBURN_LIBS=''
BRASEROMEDIA_CFLAGS=''
BRASEROMEDIA_LIBS=''
BUG_BUDDY=''
BUILD_APPLET_FALSE=''
BUILD_APPLET_TRUE='#'
BUILD_BRASEROBURN_FALSE=''
BUILD_BRASEROBURN_TRUE='#'
BUILD_BRASEROMEDIA_FALSE=''
BUILD_BRASEROMEDIA_TRUE='#'
BUILD_BUGBUDDY_FALSE='#'
BUILD_BUGBUDDY_TRUE=''
BUILD_DOCS_FALSE='#'
BUILD_DOCS_TRUE=''
BUILD_EVINCE_FALSE=''
BUILD_EVINCE_TRUE='#'
BUILD_EVOLUTION_ECAL_FALSE=''
BUILD_EVOLUTION_ECAL_TRUE='#'
BUILD_EVOLUTION_FALSE=''
BUILD_EVOLUTION_TRUE='#'
BUILD_GNOMEDESKTOP_FALSE='#'
BUILD_GNOMEDESKTOP_TRUE=''
BUILD_GNOMEKEYRING_FALSE='#'
BUILD_GNOMEKEYRING_TRUE=''
BUILD_GNOMEPRINTUI_FALSE=''
BUILD_GNOMEPRINTUI_TRUE='#'
BUILD_GNOMEPRINT_FALSE=''
BUILD_GNOMEPRINT_TRUE='#'
BUILD_GTKSOURCEVIEW_FALSE=''
BUILD_GTKSOURCEVIEW_TRUE='#'
BUILD_GTOP_FALSE=''
BUILD_GTOP_TRUE='#'
BUILD_MEDIAPROFILES_FALSE=''
BUILD_MEDIAPROFILES_TRUE='#'
BUILD_METACITY_FALSE=''
BUILD_METACITY_TRUE='#'
BUILD_NAUTILUSBURN_FALSE=''
BUILD_NAUTILUSBURN_TRUE='#'
BUILD_RSVG_FALSE='#'
BUILD_RSVG_TRUE=''
BUILD_TOTEM_PLPARSER_FALSE=''
BUILD_TOTEM_PLPARSER_TRUE='#'
BUILD_WNCK_FALSE='#'
BUILD_WNCK_TRUE=''
CC='gcc'
CCDEPMODE='depmode=none'
CFLAGS='-g -O2 -fstack-protector --param=ssp-buffer-size=4 -Wformat -Werror=format-security -Wall -std=c9x -fno-strict-aliasing'
CPP='gcc -E'
CPPFLAGS='-D_FORTIFY_SOURCE=2'
CYGPATH_W='echo'
DEFS='-DHAVE_CONFIG_H'
DEPDIR='.deps'
DLLTOOL='false'
DSYMUTIL=''
DUMPBIN=''
ECHO_C=''
ECHO_N='-n'
ECHO_T=''
EGREP='/bin/grep -E'
EVINCE_CFLAGS=''
EVINCE_LIBS=''
EVOLUTION_EBOOK_CFLAGS=''
EVOLUTION_EBOOK_LIBS=''
EVOLUTION_ECAL_CFLAGS=''
EVOLUTION_ECAL_LIBS=''
EXEEXT=''
FGREP='/bin/grep -F'
GLIB_CFLAGS='-I/usr/include/glib-2.0 -I/usr/lib/i386-linux-gnu/glib-2.0/include  '
GLIB_COMPILE_RESOURCES='/usr/lib/i386-linux-gnu/glib-2.0/glib-compile-resources'
GLIB_GENMARSHAL='glib-genmarshal'
GLIB_LIBS='-lglib-2.0'
GLIB_MKENUMS='glib-mkenums'
GNOMEDESKTOP_CFLAGS='-pthread -I/usr/include/gtk-2.0 -I/usr/include/startup-notification-1.0 -I/usr/lib/i386-linux-gnu/gtk-2.0/include -I/usr/include/atk-1.0 -I/usr/include/cairo -I/usr/include/gdk-pixbuf-2.0 -I/usr/include/pango-1.0 -I/usr/include/gio-unix-2.0/ -I/usr/include/glib-2.0 -I/usr/lib/i386-linux-gnu/glib-2.0/include -I/usr/include/pixman-1 -I/usr/include/freetype2 -I/usr/include/libpng12 -I/usr/include/gnome-desktop-2.0 -I/usr/include/pygtk-2.0  '
GNOMEDESKTOP_LIBS='-lgnome-desktop-2 -lgtk-x11-2.0 -lstartup-notification-1 -lgdk-x11-2.0 -latk-1.0 -lgio-2.0 -lpangoft2-1.0 -lpangocairo-1.0 -lgdk_pixbuf-2.0 -lcairo -lpango-1.0 -lfreetype -lfontconfig -lgobject-2.0 -lglib-2.0'
GNOMEKEYRING_CFLAGS='-I/usr/include/gnome-keyring-1 -I/usr/include/glib-2.0 -I/usr/lib/i386-linux-gnu/glib-2.0/include  '
GNOMEKEYRING_LIBS='-lgnome-keyring -lgobject-2.0 -lglib-2.0'
GNOMEPYTHON_DEFSDIR='/usr/share/pygtk/2.0/defs'
GNOME_PYTHON_ARGTYPES_DIR='/usr/share/pygtk/2.0/argtypes'
GOBJECT_QUERY='gobject-query'
GREP='/bin/grep'
GTKSOURCEVIEW_CFLAGS=''
GTKSOURCEVIEW_LIBS=''
GTK_CFLAGS='-pthread -I/usr/include/gtk-2.0 -I/usr/lib/i386-linux-gnu/gtk-2.0/include -I/usr/include/atk-1.0 -I/usr/include/cairo -I/usr/include/gdk-pixbuf-2.0 -I/usr/include/pango-1.0 -I/usr/include/gio-unix-2.0/ -I/usr/include/glib-2.0 -I/usr/lib/i386-linux-gnu/glib-2.0/include -I/usr/include/pixman-1 -I/usr/include/freetype2 -I/usr/include/libpng12  '
GTK_LIBS='-lgtk-x11-2.0 -lgdk-x11-2.0 -latk-1.0 -lgio-2.0 -lpangoft2-1.0 -lpangocairo-1.0 -lgdk_pixbuf-2.0 -lcairo -lpango-1.0 -lfreetype -lfontconfig -lgobject-2.0 -lglib-2.0'
GTOP_CFLAGS=''
GTOP_LIBS=''
INSTALL_DATA='${INSTALL} -m 644'
INSTALL_PROGRAM='${INSTALL}'
INSTALL_SCRIPT='${INSTALL}'
INSTALL_STRIP_PROGRAM='$(install_sh) -c -s'
LD='/usr/bin/ld'
LDFLAGS='-Wl,-Bsymbolic-functions -Wl,-z,relro'
LIBGNOMEPRINTUI_CFLAGS=''
LIBGNOMEPRINTUI_LIBS=''
LIBGNOMEPRINT_CFLAGS=''
LIBGNOMEPRINT_LIBS=''
LIBOBJS=''
LIBPANELAPPLET_CFLAGS=''
LIBPANELAPPLET_LIBS=''
LIBS=''
LIBTOOL='$(SHELL) $(top_builddir)/libtool'
LIPO=''
LN_S='ln -s'
LTLIBOBJS=''
MAINT='#'
MAINTAINER_MODE_FALSE=''
MAINTAINER_MODE_TRUE='#'
MAKEINFO='${SHELL} /home/xubuntu/Downloads/gnome-python-desktop-2.32.0+dfsg/missing --run makeinfo'
MANIFEST_TOOL=':'
MEDIAPROFILES_CFLAGS=''
MEDIAPROFILES_LIBS=''
METACITY_CFLAGS=''
METACITY_LIBS=''
MKDIR_P='/bin/mkdir -p'
NAUTILUSBURN_CFLAGS=''
NAUTILUSBURN_LIBS=''
NM='/usr/bin/nm -B'
NMEDIT=''
OBJDUMP='objdump'
OBJEXT='o'
OTOOL64=''
OTOOL=''
PACKAGE='gnome-python-desktop'
PACKAGE_BUGREPORT='http://bugzilla.gnome.org/enter_bug.cgi?product=gnome-python'
PACKAGE_NAME='gnome-python-desktop'
PACKAGE_STRING='gnome-python-desktop 2.32.0'
PACKAGE_TARNAME='gnome-python-desktop'
PACKAGE_URL=''
PACKAGE_VERSION='2.32.0'
PATH_SEPARATOR=':'
PKG_CONFIG='/usr/bin/pkg-config'
PKG_CONFIG_LIBDIR=''
PKG_CONFIG_PATH=''
PYGNOMEPRINT_DEFS=''
PYGOBJECT_DEFSDIR='/usr/share/pygobject/2.0/defs'
PYGTK_CFLAGS='-pthread -I/usr/include/gtk-2.0 -I/usr/include/glib-2.0 -I/usr/lib/i386-linux-gnu/glib-2.0/include -I/usr/lib/i386-linux-gnu/gtk-2.0/include -I/usr/include/atk-1.0 -I/usr/include/cairo -I/usr/include/gdk-pixbuf-2.0 -I/usr/include/pango-1.0 -I/usr/include/gio-unix-2.0/ -I/usr/include/pixman-1 -I/usr/include/freetype2 -I/usr/include/libpng12 -I/usr/include/pygtk-2.0  '
PYGTK_CODEGEN='/usr/bin/pygtk-codegen-2.0'
PYGTK_DEFSDIR='/usr/share/pygtk/2.0/defs'
PYGTK_LIBS='-lgtk-x11-2.0 -lgdk-x11-2.0 -latk-1.0 -lgio-2.0 -lpangoft2-1.0 -lpangocairo-1.0 -lgdk_pixbuf-2.0 -lcairo -lpango-1.0 -lfreetype -lfontconfig -lgobject-2.0 -lglib-2.0  '
PYTHON='python'
PYTHON_EXEC_PREFIX='${exec_prefix}'
PYTHON_INCLUDES='-I/usr/include/python2.7 -I/usr/include/python2.7'
PYTHON_PLATFORM='linux2'
PYTHON_PREFIX='${prefix}'
PYTHON_VERSION='2.7'
RANLIB='ranlib'
RSVG_CFLAGS='-pthread -I/usr/include/librsvg-2.0 -I/usr/include/glib-2.0 -I/usr/lib/i386-linux-gnu/glib-2.0/include -I/usr/include/gdk-pixbuf-2.0 -I/usr/include/cairo -I/usr/include/libpng12 -I/usr/include/pixman-1 -I/usr/include/freetype2 -I/usr/include/gtk-2.0 -I/usr/lib/i386-linux-gnu/gtk-2.0/include -I/usr/include/atk-1.0 -I/usr/include/pango-1.0 -I/usr/include/gio-unix-2.0/ -I/usr/include/pycairo -I/usr/include/pygtk-2.0  '
RSVG_LIBS='-lrsvg-2 -lm -lgtk-x11-2.0 -lgdk-x11-2.0 -latk-1.0 -lgio-2.0 -lpangoft2-1.0 -lpangocairo-1.0 -lgdk_pixbuf-2.0 -lcairo -lpango-1.0 -lfreetype -lfontconfig -lgobject-2.0 -lglib-2.0'
SED='/bin/sed'
SET_MAKE=''
SHELL='/bin/bash'
STRIP='strip'
TOTEM_PLPARSER_CFLAGS=''
TOTEM_PLPARSER_LIBS=''
VERSION='2.32.0'
WNCK_CFLAGS='-pthread -I/usr/include/pango-1.0 -I/usr/include/cairo -I/usr/include/startup-notification-1.0 -I/usr/include/glib-2.0 -I/usr/lib/i386-linux-gnu/glib-2.0/include -I/usr/include/gtk-2.0 -I/usr/include/pixman-1 -I/usr/include/freetype2 -I/usr/include/libpng12 -I/usr/lib/i386-linux-gnu/gtk-2.0/include -I/usr/include/atk-1.0 -I/usr/include/gdk-pixbuf-2.0 -I/usr/include/gio-unix-2.0/ -I/usr/include/libwnck-1.0  '
WNCK_LIBS='-lwnck-1 -lgtk-x11-2.0 -lgdk-x11-2.0 -latk-1.0 -lgio-2.0 -lpangoft2-1.0 -lpangocairo-1.0 -lgdk_pixbuf-2.0 -lcairo -lpango-1.0 -lfreetype -lfontconfig -lgobject-2.0 -lglib-2.0'
ac_ct_AR='ar'
ac_ct_CC='gcc'
ac_ct_DUMPBIN=''
am__EXEEXT_FALSE=''
am__EXEEXT_TRUE='#'
am__fastdepCC_FALSE=''
am__fastdepCC_TRUE='#'
am__include='include'
am__isrc=' -I$(srcdir)'
am__leading_dot='.'
am__nodep=''
am__quote=''
am__tar='$${TAR-tar} chof - "$$tardir"'
am__untar='$${TAR-tar} xf -'
bindir='${exec_prefix}/bin'
build='i686-pc-linux-gnu'
build_alias='i686-linux-gnu'
build_cpu='i686'
build_os='linux-gnu'
build_vendor='pc'
datadir='${datarootdir}'
datarootdir='${prefix}/share'
docdir='${datarootdir}/doc/${PACKAGE_TARNAME}'
dvidir='${docdir}'
exec_prefix='${prefix}'
host='i686-pc-linux-gnu'
host_alias=''
host_cpu='i686'
host_os='linux-gnu'
host_vendor='pc'
htmldir='${docdir}'
includedir='${prefix}/include'
infodir='${prefix}/share/info'
install_sh='${SHELL} /home/xubuntu/Downloads/gnome-python-desktop-2.32.0+dfsg/install-sh'
libdir='${exec_prefix}/lib'
libexecdir='${prefix}/lib/gnome-python-desktop'
localedir='${datarootdir}/locale'
localstatedir='/var'
mandir='${prefix}/share/man'
mkdir_p='/bin/mkdir -p'
oldincludedir='/usr/include'
pdfdir='${docdir}'
pkgpyexecdir='${pyexecdir}/gnome-python-desktop'
pkgpythondir='${pythondir}/gnome-python-desktop'
prefix='/usr'
program_transform_name='s,x,x,'
psdir='${docdir}'
pyexecdir='${exec_prefix}/lib/python2.7/dist-packages'
pythondir='${prefix}/lib/python2.7/dist-packages'
sbindir='${exec_prefix}/sbin'
sharedstatedir='${prefix}/com'
sysconfdir='/etc'
target_alias=''

## ----------- ##
## confdefs.h. ##
## ----------- ##

/* confdefs.h */
#define PACKAGE_NAME "gnome-python-desktop"
#define PACKAGE_TARNAME "gnome-python-desktop"
#define PACKAGE_VERSION "2.32.0"
#define PACKAGE_STRING "gnome-python-desktop 2.32.0"
#define PACKAGE_BUGREPORT "http://bugzilla.gnome.org/enter_bug.cgi?product=gnome-python"
#define PACKAGE_URL ""
#define PACKAGE "gnome-python-desktop"
#define VERSION "2.32.0"
#define GNOME_PYTHON_DESKTOP_MAJOR_VERSION 2
#define GNOME_PYTHON_DESKTOP_MINOR_VERSION 32
#define GNOME_PYTHON_DESKTOP_MICRO_VERSION 0
#define STDC_HEADERS 1
#define HAVE_SYS_TYPES_H 1
#define HAVE_SYS_STAT_H 1
#define HAVE_STDLIB_H 1
#define HAVE_STRING_H 1
#define HAVE_MEMORY_H 1
#define HAVE_STRINGS_H 1
#define HAVE_INTTYPES_H 1
#define HAVE_STDINT_H 1
#define HAVE_UNISTD_H 1
#define HAVE_DLFCN_H 1
#define LT_OBJDIR ".libs/"
#define HAVE_KEYRING_2_20_1 1

configure: exit 0
